#! /usr/local/iverilog/bin/vvp
:ivl_version "11.0 (devel)" "(s20150603-642-g3bdb50da)";
:ivl_delay_selection "TYPICAL";
:vpi_time_precision - 9;
:vpi_module "system";
:vpi_module "vhdl_sys";
:vpi_module "vhdl_textio";
:vpi_module "v2005_math";
:vpi_module "va_math";
S_00000000010e2f90 .scope module, "DFF" "DFF" 2 4;
 .timescale -9 -9;
    .port_info 0 /INPUT 1 "Clk";
    .port_info 1 /INPUT 1 "reset";
    .port_info 2 /INPUT 1 "D";
    .port_info 3 /INPUT 1 "set";
    .port_info 4 /OUTPUT 1 "Q";
P_00000000010e3120 .param/l "DELAY_FALL" 0 2 4, +C4<00000000000000000000000000000000>;
P_00000000010e3158 .param/l "DELAY_RISE" 0 2 4, +C4<00000000000000000000000000000000>;
L_00000000010e33f0/d .functor BUFZ 1, v000000000090ee30_0, C4<0>, C4<0>, C4<0>;
L_00000000010e33f0 .delay 1 (0,0,0) L_00000000010e33f0/d;
o0000000001116fa8 .functor BUFZ 1, C4<z>; HiZ drive
v00000000010e31a0_0 .net "Clk", 0 0, o0000000001116fa8;  0 drivers
o0000000001116fd8 .functor BUFZ 1, C4<z>; HiZ drive
v00000000010e3240_0 .net "D", 0 0, o0000000001116fd8;  0 drivers
v00000000010e32e0_0 .net "Q", 0 0, L_00000000010e33f0;  1 drivers
v000000000090ee30_0 .var "Q_current", 0 0;
o0000000001117068 .functor BUFZ 1, C4<z>; HiZ drive
v000000000090eed0_0 .net "reset", 0 0, o0000000001117068;  0 drivers
o0000000001117098 .functor BUFZ 1, C4<z>; HiZ drive
v000000000115c010_0 .net "set", 0 0, o0000000001117098;  0 drivers
E_00000000009087b0/0 .event negedge, v000000000115c010_0, v000000000090eed0_0;
E_00000000009087b0/1 .event posedge, v00000000010e31a0_0;
E_00000000009087b0 .event/or E_00000000009087b0/0, E_00000000009087b0/1;
    .scope S_00000000010e2f90;
T_0 ;
    %wait E_00000000009087b0;
    %load/vec4 v000000000090eed0_0;
    %pad/u 32;
    %cmpi/e 1, 0, 32;
    %jmp/0xz  T_0.0, 4;
    %pushi/vec4 0, 0, 1;
    %store/vec4 v000000000090ee30_0, 0, 1;
    %jmp T_0.1;
T_0.0 ;
    %load/vec4 v000000000115c010_0;
    %pad/u 32;
    %cmpi/e 1, 0, 32;
    %jmp/0xz  T_0.2, 4;
    %pushi/vec4 1, 0, 1;
    %store/vec4 v000000000090ee30_0, 0, 1;
    %jmp T_0.3;
T_0.2 ;
    %load/vec4 v00000000010e31a0_0;
    %pad/u 32;
    %cmpi/e 1, 0, 32;
    %jmp/0xz  T_0.4, 4;
    %load/vec4 v00000000010e3240_0;
    %store/vec4 v000000000090ee30_0, 0, 1;
T_0.4 ;
T_0.3 ;
T_0.1 ;
    %jmp T_0;
    .thread T_0;
# The file index is used to find the file name in the following table.
:file_names 3;
    "N/A";
    "<interactive>";
    "DFF.v";
